 접속한 클라이언트 IP : 0:0:0:0:0:0:0:1
 접근한 URL 경로 : /movie_review/main.jsp
 요청 처리 시작 시각 : 2025/04/08 14:14:20
 요청 처리 종료 시각 : 2025/04/08 14:14:20
 요청 처리 소요 시각 : 13ms 
==================================================
 접속한 클라이언트 IP : 0:0:0:0:0:0:0:1
 접근한 URL 경로 : /movie_review/main.jsp
 요청 처리 시작 시각 : 2025/04/08 14:14:21
 요청 처리 종료 시각 : 2025/04/08 14:14:21
 요청 처리 소요 시각 : 10ms 
==================================================
 접속한 클라이언트 IP : 0:0:0:0:0:0:0:1
 접근한 URL 경로 : /movie_review/resources/css/bootstrap.min.css
 요청 처리 시작 시각 : 2025/04/08 14:14:21
 접속한 클라이언트 IP : 0:0:0:0:0:0:0:1
 접근한 URL 경로 : /movie_review/resources/css/style.css
 요청 처리 시작 시각 : 2025/04/08 14:14:21
 접속한 클라이언트 IP : 0:0:0:0:0:0:0:1
 접근한 URL 경로 : /movie_review/resources/images/logo.jpg
 요청 처리 시작 시각 : 2025/04/08 14:14:21
 접속한 클라이언트 IP : 0:0:0:0:0:0:0:1
 접근한 URL 경로 : /movie_review/resources/images/%EB%8B%A5%ED%84%B0%20%EC%8A%A4%ED%8A%B8%EB%A0%88%EC%9D%B8%EC%A7%80.jpg
 접속한 클라이언트 IP : 0:0:0:0:0:0:0:1
 접근한 URL 경로 : /movie_review/resources/images/%EB%9D%BC%EB%9D%BC%EB%9E%9C%EB%93%9C.jpg
 요청 처리 시작 시각 : 2025/04/08 14:14:21
 요청 처리 시작 시각 : 2025/04/08 14:14:21
 접속한 클라이언트 IP : 0:0:0:0:0:0:0:1
 접근한 URL 경로 : /movie_review/resources/images/%EA%B7%B9%ED%95%9C%EC%A7%81%EC%97%85.jpg
 요청 처리 종료 시각 : 2025/04/08 14:14:21
 요청 처리 시작 시각 : 2025/04/08 14:14:21
 요청 처리 종료 시각 : 2025/04/08 14:14:21
 요청 처리 소요 시각 : 4ms 
==================================================
 요청 처리 종료 시각 : 2025/04/08 14:14:21
 요청 처리 소요 시각 : 5ms 
==================================================
 요청 처리 소요 시각 : 4ms 
==================================================
 요청 처리 종료 시각 : 2025/04/08 14:14:21
 요청 처리 소요 시각 : 1ms 
==================================================
 요청 처리 종료 시각 : 2025/04/08 14:14:21
 요청 처리 소요 시각 : 1ms 
==================================================
 요청 처리 종료 시각 : 2025/04/08 14:14:21
 요청 처리 소요 시각 : 1ms 
==================================================
 접속한 클라이언트 IP : 0:0:0:0:0:0:0:1
 접근한 URL 경로 : /movie_review/resources/images/%EC%A1%B4%EC%9C%851.jpg
 접속한 클라이언트 IP : 0:0:0:0:0:0:0:1
 접근한 URL 경로 : /movie_review/resources/images/%EC%B0%B0%EB%A6%AC%EC%99%80%20%EC%B4%88%EC%BD%9C%EB%A6%BF%20%EA%B3%B5%EC%9E%A5.jpg
 요청 처리 시작 시각 : 2025/04/08 14:14:21
 요청 처리 시작 시각 : 2025/04/08 14:14:21
 요청 처리 종료 시각 : 2025/04/08 14:14:21
 요청 처리 소요 시각 : 1ms 
==================================================
 요청 처리 종료 시각 : 2025/04/08 14:14:21
 요청 처리 소요 시각 : 1ms 
==================================================
 접속한 클라이언트 IP : 0:0:0:0:0:0:0:1
 접근한 URL 경로 : /movie_review/editNotice.jsp
 요청 처리 시작 시각 : 2025/04/08 14:14:23
 요청 처리 종료 시각 : 2025/04/08 14:14:23
 요청 처리 소요 시각 : 20ms 
==================================================
 접속한 클라이언트 IP : 0:0:0:0:0:0:0:1
 접근한 URL 경로 : /movie_review/updateNotice.jsp?id=14
 요청 처리 시작 시각 : 2025/04/08 14:14:24
 접속한 클라이언트 IP : 0:0:0:0:0:0:0:1
 접근한 URL 경로 : /movie_review/updateNotice.jsp?id=14
 요청 처리 시작 시각 : 2025/04/08 14:14:25
 요청 처리 종료 시각 : 2025/04/08 14:14:26
 요청 처리 소요 시각 : 606ms 
==================================================
 요청 처리 종료 시각 : 2025/04/08 14:14:26
 요청 처리 소요 시각 : 1577ms 
==================================================
 접속한 클라이언트 IP : 0:0:0:0:0:0:0:1
 접근한 URL 경로 : /movie_review/processUpdateNotice.jsp
 요청 처리 시작 시각 : 2025/04/08 14:14:30
 요청 처리 종료 시각 : 2025/04/08 14:14:30
 요청 처리 소요 시각 : 289ms 
==================================================
 접속한 클라이언트 IP : 0:0:0:0:0:0:0:1
 접근한 URL 경로 : /movie_review/editNotice.jsp
 요청 처리 시작 시각 : 2025/04/08 14:14:30
 요청 처리 종료 시각 : 2025/04/08 14:14:30
 요청 처리 소요 시각 : 25ms 
==================================================
 접속한 클라이언트 IP : 0:0:0:0:0:0:0:1
 접근한 URL 경로 : /movie_review/editNotice.jsp
 요청 처리 시작 시각 : 2025/04/08 14:15:03
 요청 처리 종료 시각 : 2025/04/08 14:15:03
 요청 처리 소요 시각 : 10ms 
==================================================
 접속한 클라이언트 IP : 0:0:0:0:0:0:0:1
 접근한 URL 경로 : /movie_review/resources/css/style.css
 접속한 클라이언트 IP : 0:0:0:0:0:0:0:1
 요청 처리 시작 시각 : 2025/04/08 14:15:03
 접근한 URL 경로 : /movie_review/resources/css/bootstrap.min.css
 접속한 클라이언트 IP : 0:0:0:0:0:0:0:1
 접근한 URL 경로 : /movie_review/resources/images/logo.jpg
 요청 처리 시작 시각 : 2025/04/08 14:15:03
 요청 처리 시작 시각 : 2025/04/08 14:15:03
 요청 처리 종료 시각 : 2025/04/08 14:15:03
 요청 처리 소요 시각 : 1ms 
==================================================
 요청 처리 종료 시각 : 2025/04/08 14:15:03
 요청 처리 종료 시각 : 2025/04/08 14:15:03
 요청 처리 소요 시각 : 1ms 
==================================================
 요청 처리 소요 시각 : 1ms 
==================================================
 접속한 클라이언트 IP : 0:0:0:0:0:0:0:1
 접근한 URL 경로 : /movie_review/editNotice.jsp
 요청 처리 시작 시각 : 2025/04/08 14:15:04
 요청 처리 종료 시각 : 2025/04/08 14:15:04
 요청 처리 소요 시각 : 8ms 
==================================================
 접속한 클라이언트 IP : 0:0:0:0:0:0:0:1
 접근한 URL 경로 : /movie_review/resources/images/logo.jpg
 요청 처리 시작 시각 : 2025/04/08 14:15:04
 접속한 클라이언트 IP : 0:0:0:0:0:0:0:1
 접속한 클라이언트 IP : 0:0:0:0:0:0:0:1
 접근한 URL 경로 : /movie_review/resources/css/bootstrap.min.css
 접근한 URL 경로 : /movie_review/resources/css/style.css
 요청 처리 시작 시각 : 2025/04/08 14:15:04
 요청 처리 시작 시각 : 2025/04/08 14:15:04
 요청 처리 종료 시각 : 2025/04/08 14:15:04
 요청 처리 종료 시각 : 2025/04/08 14:15:04
 요청 처리 소요 시각 : 0ms 
==================================================
 요청 처리 소요 시각 : 0ms 
==================================================
 요청 처리 종료 시각 : 2025/04/08 14:15:04
 요청 처리 소요 시각 : 1ms 
==================================================
 접속한 클라이언트 IP : 0:0:0:0:0:0:0:1
 접근한 URL 경로 : /movie_review/updateNotice.jsp?id=14
 요청 처리 시작 시각 : 2025/04/08 14:15:04
 요청 처리 종료 시각 : 2025/04/08 14:15:05
 요청 처리 소요 시각 : 190ms 
==================================================
 접속한 클라이언트 IP : 0:0:0:0:0:0:0:1
 접근한 URL 경로 : /movie_review/processUpdateNotice.jsp
 요청 처리 시작 시각 : 2025/04/08 14:15:08
 요청 처리 종료 시각 : 2025/04/08 14:15:08
 요청 처리 소요 시각 : 10ms 
==================================================
 접속한 클라이언트 IP : 0:0:0:0:0:0:0:1
 접근한 URL 경로 : /movie_review/editNotice.jsp
 요청 처리 시작 시각 : 2025/04/08 14:15:08
 요청 처리 종료 시각 : 2025/04/08 14:15:08
 요청 처리 소요 시각 : 10ms 
==================================================
 접속한 클라이언트 IP : 0:0:0:0:0:0:0:1
 접근한 URL 경로 : /movie_review/editNotice.jsp
 요청 처리 시작 시각 : 2025/04/08 14:17:17
 요청 처리 종료 시각 : 2025/04/08 14:17:17
 요청 처리 소요 시각 : 15ms 
==================================================
 접속한 클라이언트 IP : 0:0:0:0:0:0:0:1
 접속한 클라이언트 IP : 0:0:0:0:0:0:0:1
 접근한 URL 경로 : /movie_review/resources/images/logo.jpg
 접속한 클라이언트 IP : 0:0:0:0:0:0:0:1
 접근한 URL 경로 : /movie_review/resources/css/bootstrap.min.css
 접근한 URL 경로 : /movie_review/resources/css/style.css
 요청 처리 시작 시각 : 2025/04/08 14:17:17
 요청 처리 시작 시각 : 2025/04/08 14:17:17
 요청 처리 시작 시각 : 2025/04/08 14:17:17
 요청 처리 종료 시각 : 2025/04/08 14:17:17
 요청 처리 소요 시각 : 1ms 
==================================================
 요청 처리 종료 시각 : 2025/04/08 14:17:17
 요청 처리 소요 시각 : 1ms 
==================================================
 요청 처리 종료 시각 : 2025/04/08 14:17:17
 요청 처리 소요 시각 : 1ms 
==================================================
 접속한 클라이언트 IP : 0:0:0:0:0:0:0:1
 접근한 URL 경로 : /movie_review/editNotice.jsp
 요청 처리 시작 시각 : 2025/04/08 14:17:18
 요청 처리 종료 시각 : 2025/04/08 14:17:18
 요청 처리 소요 시각 : 11ms 
==================================================
 접속한 클라이언트 IP : 0:0:0:0:0:0:0:1
 접근한 URL 경로 : /movie_review/resources/css/bootstrap.min.css
 요청 처리 시작 시각 : 2025/04/08 14:17:18
 접속한 클라이언트 IP : 0:0:0:0:0:0:0:1
 접속한 클라이언트 IP : 0:0:0:0:0:0:0:1
 접근한 URL 경로 : /movie_review/resources/images/logo.jpg
 접근한 URL 경로 : /movie_review/resources/css/style.css
 요청 처리 시작 시각 : 2025/04/08 14:17:18
 요청 처리 시작 시각 : 2025/04/08 14:17:18
 요청 처리 종료 시각 : 2025/04/08 14:17:18
 요청 처리 소요 시각 : 0ms 
==================================================
 요청 처리 종료 시각 : 2025/04/08 14:17:18
 요청 처리 소요 시각 : 0ms 
==================================================
 요청 처리 종료 시각 : 2025/04/08 14:17:18
 요청 처리 소요 시각 : 0ms 
==================================================
 접속한 클라이언트 IP : 0:0:0:0:0:0:0:1
 접근한 URL 경로 : /movie_review/editNotice.jsp
 요청 처리 시작 시각 : 2025/04/08 14:17:18
 요청 처리 종료 시각 : 2025/04/08 14:17:18
 요청 처리 소요 시각 : 11ms 
==================================================
 접속한 클라이언트 IP : 0:0:0:0:0:0:0:1
 접근한 URL 경로 : /movie_review/resources/images/logo.jpg
 접속한 클라이언트 IP : 0:0:0:0:0:0:0:1
 접근한 URL 경로 : /movie_review/resources/css/bootstrap.min.css
 요청 처리 시작 시각 : 2025/04/08 14:17:18
 요청 처리 시작 시각 : 2025/04/08 14:17:18
 접속한 클라이언트 IP : 0:0:0:0:0:0:0:1
 접근한 URL 경로 : /movie_review/resources/css/style.css
 요청 처리 시작 시각 : 2025/04/08 14:17:18
 요청 처리 종료 시각 : 2025/04/08 14:17:18
 요청 처리 소요 시각 : 1ms 
==================================================
 요청 처리 종료 시각 : 2025/04/08 14:17:18
 요청 처리 소요 시각 : 1ms 
==================================================
 요청 처리 종료 시각 : 2025/04/08 14:17:18
 요청 처리 소요 시각 : 1ms 
==================================================
 접속한 클라이언트 IP : 0:0:0:0:0:0:0:1
 접근한 URL 경로 : /movie_review/editNotice.jsp
 요청 처리 시작 시각 : 2025/04/08 14:17:18
 요청 처리 종료 시각 : 2025/04/08 14:17:18
 요청 처리 소요 시각 : 9ms 
==================================================
 접속한 클라이언트 IP : 0:0:0:0:0:0:0:1
 접근한 URL 경로 : /movie_review/resources/css/bootstrap.min.css
 요청 처리 시작 시각 : 2025/04/08 14:17:18
 접속한 클라이언트 IP : 0:0:0:0:0:0:0:1
 접근한 URL 경로 : /movie_review/resources/images/logo.jpg
 요청 처리 시작 시각 : 2025/04/08 14:17:18
 접속한 클라이언트 IP : 0:0:0:0:0:0:0:1
 접근한 URL 경로 : /movie_review/resources/css/style.css
 요청 처리 시작 시각 : 2025/04/08 14:17:18
 요청 처리 종료 시각 : 2025/04/08 14:17:18
 요청 처리 소요 시각 : 0ms 
==================================================
 요청 처리 종료 시각 : 2025/04/08 14:17:18
 요청 처리 소요 시각 : 0ms 
==================================================
 요청 처리 종료 시각 : 2025/04/08 14:17:18
 요청 처리 소요 시각 : 0ms 
==================================================
 접속한 클라이언트 IP : 0:0:0:0:0:0:0:1
 접근한 URL 경로 : /movie_review/updateNotice.jsp?id=14
 요청 처리 시작 시각 : 2025/04/08 14:17:19
 요청 처리 종료 시각 : 2025/04/08 14:17:19
 요청 처리 소요 시각 : 199ms 
==================================================
 접속한 클라이언트 IP : 0:0:0:0:0:0:0:1
 접근한 URL 경로 : /movie_review/processUpdateNotice.jsp?n_id14
 요청 처리 시작 시각 : 2025/04/08 14:17:25
 요청 처리 종료 시각 : 2025/04/08 14:17:25
 요청 처리 소요 시각 : 11ms 
==================================================
 접속한 클라이언트 IP : 0:0:0:0:0:0:0:1
 접근한 URL 경로 : /movie_review/editNotice.jsp
 요청 처리 시작 시각 : 2025/04/08 14:17:25
 요청 처리 종료 시각 : 2025/04/08 14:17:25
 요청 처리 소요 시각 : 20ms 
==================================================
 접속한 클라이언트 IP : 0:0:0:0:0:0:0:1
 접근한 URL 경로 : /movie_review/editNotice.jsp
 요청 처리 시작 시각 : 2025/04/08 14:17:37
 요청 처리 종료 시각 : 2025/04/08 14:17:37
 요청 처리 소요 시각 : 9ms 
==================================================
 접속한 클라이언트 IP : 0:0:0:0:0:0:0:1
 접근한 URL 경로 : /movie_review/resources/css/bootstrap.min.css
 요청 처리 시작 시각 : 2025/04/08 14:17:37
 접속한 클라이언트 IP : 0:0:0:0:0:0:0:1
 접근한 URL 경로 : /movie_review/resources/css/style.css
 요청 처리 시작 시각 : 2025/04/08 14:17:37
 접속한 클라이언트 IP : 0:0:0:0:0:0:0:1
 접근한 URL 경로 : /movie_review/resources/images/logo.jpg
 요청 처리 시작 시각 : 2025/04/08 14:17:37
 요청 처리 종료 시각 : 2025/04/08 14:17:37
 요청 처리 소요 시각 : 0ms 
==================================================
 요청 처리 종료 시각 : 2025/04/08 14:17:37
 요청 처리 소요 시각 : 0ms 
==================================================
 요청 처리 종료 시각 : 2025/04/08 14:17:37
 요청 처리 소요 시각 : 0ms 
==================================================
 접속한 클라이언트 IP : 0:0:0:0:0:0:0:1
 접근한 URL 경로 : /movie_review/updateNotice.jsp?id=14
 요청 처리 시작 시각 : 2025/04/08 14:17:38
 요청 처리 종료 시각 : 2025/04/08 14:17:38
 요청 처리 소요 시각 : 157ms 
==================================================
 접속한 클라이언트 IP : 0:0:0:0:0:0:0:1
 접근한 URL 경로 : /movie_review/processUpdateNotice.jsp?n_id=14
 요청 처리 시작 시각 : 2025/04/08 14:17:41
 요청 처리 종료 시각 : 2025/04/08 14:17:41
 요청 처리 소요 시각 : 15ms 
==================================================
 접속한 클라이언트 IP : 0:0:0:0:0:0:0:1
 접근한 URL 경로 : /movie_review/editNotice.jsp
 요청 처리 시작 시각 : 2025/04/08 14:17:41
 요청 처리 종료 시각 : 2025/04/08 14:17:41
 요청 처리 소요 시각 : 7ms 
==================================================
 접속한 클라이언트 IP : 0:0:0:0:0:0:0:1
 접근한 URL 경로 : /movie_review/updateNotice.jsp?id=14
 요청 처리 시작 시각 : 2025/04/08 14:17:42
 요청 처리 종료 시각 : 2025/04/08 14:17:42
 요청 처리 소요 시각 : 8ms 
==================================================
 접속한 클라이언트 IP : 0:0:0:0:0:0:0:1
 접근한 URL 경로 : /movie_review/processUpdateNotice.jsp?n_id=14
 요청 처리 시작 시각 : 2025/04/08 14:17:46
 요청 처리 종료 시각 : 2025/04/08 14:17:46
 요청 처리 소요 시각 : 7ms 
==================================================
 접속한 클라이언트 IP : 0:0:0:0:0:0:0:1
 접근한 URL 경로 : /movie_review/editNotice.jsp
 요청 처리 시작 시각 : 2025/04/08 14:17:46
 요청 처리 종료 시각 : 2025/04/08 14:17:46
 요청 처리 소요 시각 : 10ms 
==================================================
 접속한 클라이언트 IP : 0:0:0:0:0:0:0:1
 접근한 URL 경로 : /movie_review/main.jsp
 요청 처리 시작 시각 : 2025/04/08 14:17:49
 요청 처리 종료 시각 : 2025/04/08 14:17:49
 요청 처리 소요 시각 : 13ms 
==================================================
 접속한 클라이언트 IP : 0:0:0:0:0:0:0:1
 접근한 URL 경로 : /movie_review/main.jsp
 요청 처리 시작 시각 : 2025/04/08 14:17:49
 요청 처리 종료 시각 : 2025/04/08 14:17:49
 요청 처리 소요 시각 : 9ms 
==================================================
 접속한 클라이언트 IP : 0:0:0:0:0:0:0:1
 접속한 클라이언트 IP : 0:0:0:0:0:0:0:1
 접근한 URL 경로 : /movie_review/resources/css/style.css
 접근한 URL 경로 : /movie_review/resources/css/bootstrap.min.css
 요청 처리 시작 시각 : 2025/04/08 14:17:49
 요청 처리 시작 시각 : 2025/04/08 14:17:49
 접속한 클라이언트 IP : 0:0:0:0:0:0:0:1
 접근한 URL 경로 : /movie_review/resources/images/logo.jpg
 요청 처리 시작 시각 : 2025/04/08 14:17:49
 요청 처리 종료 시각 : 2025/04/08 14:17:49
 접속한 클라이언트 IP : 0:0:0:0:0:0:0:1
 접근한 URL 경로 : /movie_review/resources/images/%EB%9D%BC%EB%9D%BC%EB%9E%9C%EB%93%9C.jpg
 요청 처리 소요 시각 : 1ms 
==================================================
 요청 처리 시작 시각 : 2025/04/08 14:17:49
 접속한 클라이언트 IP : 0:0:0:0:0:0:0:1
 접근한 URL 경로 : /movie_review/resources/images/%EA%B7%B9%ED%95%9C%EC%A7%81%EC%97%85.jpg
 접속한 클라이언트 IP : 0:0:0:0:0:0:0:1
 요청 처리 시작 시각 : 2025/04/08 14:17:49
 접근한 URL 경로 : /movie_review/resources/images/%EB%8B%A5%ED%84%B0%20%EC%8A%A4%ED%8A%B8%EB%A0%88%EC%9D%B8%EC%A7%80.jpg
 요청 처리 시작 시각 : 2025/04/08 14:17:49
 요청 처리 종료 시각 : 2025/04/08 14:17:49
 요청 처리 소요 시각 : 1ms 
==================================================
 요청 처리 종료 시각 : 2025/04/08 14:17:49
 요청 처리 소요 시각 : 2ms 
==================================================
 요청 처리 종료 시각 : 2025/04/08 14:17:49
 요청 처리 소요 시각 : 2ms 
==================================================
 요청 처리 종료 시각 : 2025/04/08 14:17:49
 요청 처리 소요 시각 : 2ms 
==================================================
 요청 처리 종료 시각 : 2025/04/08 14:17:49
 요청 처리 소요 시각 : 2ms 
==================================================
 접속한 클라이언트 IP : 0:0:0:0:0:0:0:1
 접근한 URL 경로 : /movie_review/resources/images/%EC%A1%B4%EC%9C%851.jpg
 요청 처리 시작 시각 : 2025/04/08 14:17:49
 요청 처리 종료 시각 : 2025/04/08 14:17:49
 요청 처리 소요 시각 : 1ms 
==================================================
 접속한 클라이언트 IP : 0:0:0:0:0:0:0:1
 접근한 URL 경로 : /movie_review/resources/images/%EC%B0%B0%EB%A6%AC%EC%99%80%20%EC%B4%88%EC%BD%9C%EB%A6%BF%20%EA%B3%B5%EC%9E%A5.jpg
 요청 처리 시작 시각 : 2025/04/08 14:17:49
 요청 처리 종료 시각 : 2025/04/08 14:17:49
 요청 처리 소요 시각 : 0ms 
==================================================
 접속한 클라이언트 IP : 0:0:0:0:0:0:0:1
 접근한 URL 경로 : /movie_review/editNotice.jsp
 요청 처리 시작 시각 : 2025/04/08 14:17:52
 요청 처리 종료 시각 : 2025/04/08 14:17:52
 요청 처리 소요 시각 : 8ms 
==================================================
 접속한 클라이언트 IP : 0:0:0:0:0:0:0:1
 접근한 URL 경로 : /movie_review/main.jsp
 요청 처리 시작 시각 : 2025/04/08 14:17:56
 요청 처리 종료 시각 : 2025/04/08 14:17:56
 요청 처리 소요 시각 : 12ms 
==================================================
 접속한 클라이언트 IP : 0:0:0:0:0:0:0:1
 접근한 URL 경로 : /movie_review/main.jsp
 요청 처리 시작 시각 : 2025/04/08 14:18:49
 요청 처리 종료 시각 : 2025/04/08 14:18:49
 요청 처리 소요 시각 : 12ms 
==================================================
 접속한 클라이언트 IP : 0:0:0:0:0:0:0:1
 접근한 URL 경로 : /movie_review/resources/css/bootstrap.min.css
 요청 처리 시작 시각 : 2025/04/08 14:18:49
 접속한 클라이언트 IP : 0:0:0:0:0:0:0:1
 접근한 URL 경로 : /movie_review/resources/css/style.css
 요청 처리 시작 시각 : 2025/04/08 14:18:49
 요청 처리 종료 시각 : 2025/04/08 14:18:49
 요청 처리 소요 시각 : 0ms 
==================================================
 요청 처리 종료 시각 : 2025/04/08 14:18:49
 요청 처리 소요 시각 : 0ms 
==================================================
 접속한 클라이언트 IP : 0:0:0:0:0:0:0:1
 접근한 URL 경로 : /movie_review/resources/images/logo.jpg
 요청 처리 시작 시각 : 2025/04/08 14:18:49
 접속한 클라이언트 IP : 0:0:0:0:0:0:0:1
 접근한 URL 경로 : /movie_review/resources/images/%EB%9D%BC%EB%9D%BC%EB%9E%9C%EB%93%9C.jpg
 요청 처리 시작 시각 : 2025/04/08 14:18:49
 접속한 클라이언트 IP : 0:0:0:0:0:0:0:1
 접근한 URL 경로 : /movie_review/resources/images/%EB%8B%A5%ED%84%B0%20%EC%8A%A4%ED%8A%B8%EB%A0%88%EC%9D%B8%EC%A7%80.jpg
 요청 처리 시작 시각 : 2025/04/08 14:18:49
 접속한 클라이언트 IP : 0:0:0:0:0:0:0:1
 접근한 URL 경로 : /movie_review/resources/images/%EA%B7%B9%ED%95%9C%EC%A7%81%EC%97%85.jpg
 요청 처리 시작 시각 : 2025/04/08 14:18:49
 요청 처리 종료 시각 : 2025/04/08 14:18:49
 요청 처리 소요 시각 : 1ms 
==================================================
 요청 처리 종료 시각 : 2025/04/08 14:18:49
 요청 처리 소요 시각 : 1ms 
==================================================
 요청 처리 종료 시각 : 2025/04/08 14:18:49
 요청 처리 소요 시각 : 2ms 
==================================================
 요청 처리 종료 시각 : 2025/04/08 14:18:49
 요청 처리 소요 시각 : 2ms 
==================================================
 접속한 클라이언트 IP : 0:0:0:0:0:0:0:1
 접근한 URL 경로 : /movie_review/resources/images/%EC%A1%B4%EC%9C%851.jpg
 요청 처리 시작 시각 : 2025/04/08 14:18:49
 접속한 클라이언트 IP : 0:0:0:0:0:0:0:1
 접근한 URL 경로 : /movie_review/resources/images/%EC%B0%B0%EB%A6%AC%EC%99%80%20%EC%B4%88%EC%BD%9C%EB%A6%BF%20%EA%B3%B5%EC%9E%A5.jpg
 요청 처리 시작 시각 : 2025/04/08 14:18:49
 요청 처리 종료 시각 : 2025/04/08 14:18:49
 요청 처리 소요 시각 : 1ms 
==================================================
 요청 처리 종료 시각 : 2025/04/08 14:18:49
 요청 처리 소요 시각 : 1ms 
==================================================
 접속한 클라이언트 IP : 0:0:0:0:0:0:0:1
 접근한 URL 경로 : /movie_review/notice.jsp
 요청 처리 시작 시각 : 2025/04/08 14:18:52
 요청 처리 종료 시각 : 2025/04/08 14:18:52
 요청 처리 소요 시각 : 2ms 
==================================================
 접속한 클라이언트 IP : 0:0:0:0:0:0:0:1
 접근한 URL 경로 : /movie_review/processAddNotice.jsp
 요청 처리 시작 시각 : 2025/04/08 14:19:54
 요청 처리 종료 시각 : 2025/04/08 14:19:54
 요청 처리 소요 시각 : 19ms 
==================================================
 접속한 클라이언트 IP : 0:0:0:0:0:0:0:1
 접근한 URL 경로 : /movie_review/main.jsp
 요청 처리 시작 시각 : 2025/04/08 14:19:54
 요청 처리 종료 시각 : 2025/04/08 14:19:54
 요청 처리 소요 시각 : 10ms 
==================================================
 접속한 클라이언트 IP : 0:0:0:0:0:0:0:1
 접근한 URL 경로 : /movie_review/resources/css/bootstrap.min.css
 접속한 클라이언트 IP : 0:0:0:0:0:0:0:1
 요청 처리 시작 시각 : 2025/04/08 14:19:54
 접근한 URL 경로 : /movie_review/resources/css/style.css
 요청 처리 시작 시각 : 2025/04/08 14:19:54
 접속한 클라이언트 IP : 0:0:0:0:0:0:0:1
 접근한 URL 경로 : /movie_review/resources/images/logo.jpg
 접속한 클라이언트 IP : 0:0:0:0:0:0:0:1
 요청 처리 시작 시각 : 2025/04/08 14:19:54
 요청 처리 종료 시각 : 2025/04/08 14:19:54
 요청 처리 소요 시각 : 2ms 
==================================================
 접속한 클라이언트 IP : 0:0:0:0:0:0:0:1
 접근한 URL 경로 : /movie_review/resources/images/%EA%B7%B9%ED%95%9C%EC%A7%81%EC%97%85.jpg
 요청 처리 시작 시각 : 2025/04/08 14:19:54
 접근한 URL 경로 : /movie_review/resources/images/%EB%9D%BC%EB%9D%BC%EB%9E%9C%EB%93%9C.jpg
 요청 처리 시작 시각 : 2025/04/08 14:19:54
 접속한 클라이언트 IP : 0:0:0:0:0:0:0:1
 접근한 URL 경로 : /movie_review/resources/images/%EB%8B%A5%ED%84%B0%20%EC%8A%A4%ED%8A%B8%EB%A0%88%EC%9D%B8%EC%A7%80.jpg
 요청 처리 시작 시각 : 2025/04/08 14:19:54
 요청 처리 종료 시각 : 2025/04/08 14:19:54
 요청 처리 소요 시각 : 1ms 
==================================================
 요청 처리 종료 시각 : 2025/04/08 14:19:54
 요청 처리 소요 시각 : 4ms 
==================================================
 요청 처리 종료 시각 : 2025/04/08 14:19:54
 요청 처리 소요 시각 : 5ms 
==================================================
 요청 처리 종료 시각 : 2025/04/08 14:19:54
 요청 처리 소요 시각 : 3ms 
==================================================
 요청 처리 종료 시각 : 2025/04/08 14:19:54
 요청 처리 소요 시각 : 6ms 
==================================================
 접속한 클라이언트 IP : 0:0:0:0:0:0:0:1
 접근한 URL 경로 : /movie_review/resources/images/%EC%A1%B4%EC%9C%851.jpg
 요청 처리 시작 시각 : 2025/04/08 14:19:54
 접속한 클라이언트 IP : 0:0:0:0:0:0:0:1
 접근한 URL 경로 : /movie_review/resources/images/%EC%B0%B0%EB%A6%AC%EC%99%80%20%EC%B4%88%EC%BD%9C%EB%A6%BF%20%EA%B3%B5%EC%9E%A5.jpg
 요청 처리 시작 시각 : 2025/04/08 14:19:54
 요청 처리 종료 시각 : 2025/04/08 14:19:54
 요청 처리 소요 시각 : 1ms 
==================================================
 요청 처리 종료 시각 : 2025/04/08 14:19:54
 요청 처리 소요 시각 : 1ms 
==================================================
 접속한 클라이언트 IP : 0:0:0:0:0:0:0:1
 접근한 URL 경로 : /movie_review/loginMember.jsp
 요청 처리 시작 시각 : 2025/04/08 14:19:57
 요청 처리 종료 시각 : 2025/04/08 14:19:57
 요청 처리 소요 시각 : 5ms 
==================================================
 접속한 클라이언트 IP : 0:0:0:0:0:0:0:1
 접근한 URL 경로 : /movie_review/processLoginMember.jsp
 요청 처리 시작 시각 : 2025/04/08 14:20:05
 요청 처리 종료 시각 : 2025/04/08 14:20:05
 요청 처리 소요 시각 : 14ms 
==================================================
 접속한 클라이언트 IP : 0:0:0:0:0:0:0:1
 접근한 URL 경로 : /movie_review/resultMember.jsp?msg=2
 요청 처리 시작 시각 : 2025/04/08 14:20:05
 요청 처리 종료 시각 : 2025/04/08 14:20:05
 요청 처리 소요 시각 : 0ms 
==================================================
 접속한 클라이언트 IP : 0:0:0:0:0:0:0:1
 접근한 URL 경로 : /movie_review/notice.jsp
 요청 처리 시작 시각 : 2025/04/08 14:20:08
 요청 처리 종료 시각 : 2025/04/08 14:20:08
 요청 처리 소요 시각 : 7ms 
==================================================
 접속한 클라이언트 IP : 0:0:0:0:0:0:0:1
 접근한 URL 경로 : /movie_review/processAddNotice.jsp
 요청 처리 시작 시각 : 2025/04/08 14:20:26
 요청 처리 종료 시각 : 2025/04/08 14:20:26
 요청 처리 소요 시각 : 12ms 
==================================================
 접속한 클라이언트 IP : 0:0:0:0:0:0:0:1
 접근한 URL 경로 : /movie_review/main.jsp
 요청 처리 시작 시각 : 2025/04/08 14:20:26
 요청 처리 종료 시각 : 2025/04/08 14:20:26
 요청 처리 소요 시각 : 10ms 
==================================================
 접속한 클라이언트 IP : 0:0:0:0:0:0:0:1
 접근한 URL 경로 : /movie_review/actionMovie.jsp
 요청 처리 시작 시각 : 2025/04/08 14:20:31
 요청 처리 종료 시각 : 2025/04/08 14:20:31
 요청 처리 소요 시각 : 73ms 
==================================================
 접속한 클라이언트 IP : 0:0:0:0:0:0:0:1
 접근한 URL 경로 : /movie_review/sfMovie.jsp
 요청 처리 시작 시각 : 2025/04/08 14:20:32
 요청 처리 종료 시각 : 2025/04/08 14:20:32
 요청 처리 소요 시각 : 55ms 
==================================================
 접속한 클라이언트 IP : 0:0:0:0:0:0:0:1
 접근한 URL 경로 : /movie_review/comedyMovie.jsp
 요청 처리 시작 시각 : 2025/04/08 14:20:32
 요청 처리 종료 시각 : 2025/04/08 14:20:32
 요청 처리 소요 시각 : 54ms 
==================================================
 접속한 클라이언트 IP : 0:0:0:0:0:0:0:1
 접근한 URL 경로 : /movie_review/main.jsp
 요청 처리 시작 시각 : 2025/04/08 14:20:34
 요청 처리 종료 시각 : 2025/04/08 14:20:34
 요청 처리 소요 시각 : 15ms 
==================================================
 접속한 클라이언트 IP : 0:0:0:0:0:0:0:1
 접근한 URL 경로 : /movie_review/notice.jsp
 요청 처리 시작 시각 : 2025/04/08 14:20:36
 요청 처리 종료 시각 : 2025/04/08 14:20:36
 요청 처리 소요 시각 : 5ms 
==================================================
 접속한 클라이언트 IP : 0:0:0:0:0:0:0:1
 접근한 URL 경로 : /movie_review/processAddNotice.jsp
 요청 처리 시작 시각 : 2025/04/08 14:25:05
 요청 처리 종료 시각 : 2025/04/08 14:25:05
 요청 처리 소요 시각 : 10ms 
==================================================
 접속한 클라이언트 IP : 0:0:0:0:0:0:0:1
 접근한 URL 경로 : /movie_review/main.jsp
 요청 처리 시작 시각 : 2025/04/08 14:25:05
 요청 처리 종료 시각 : 2025/04/08 14:25:05
 요청 처리 소요 시각 : 10ms 
==================================================
 접속한 클라이언트 IP : 0:0:0:0:0:0:0:1
 접근한 URL 경로 : /movie_review/notice.jsp
 요청 처리 시작 시각 : 2025/04/08 14:25:14
 요청 처리 종료 시각 : 2025/04/08 14:25:14
 요청 처리 소요 시각 : 7ms 
==================================================
 접속한 클라이언트 IP : 0:0:0:0:0:0:0:1
 접근한 URL 경로 : /movie_review/editNotice.jsp
 요청 처리 시작 시각 : 2025/04/08 14:25:16
 요청 처리 종료 시각 : 2025/04/08 14:25:16
 요청 처리 소요 시각 : 16ms 
==================================================
 접속한 클라이언트 IP : 0:0:0:0:0:0:0:1
 접근한 URL 경로 : /movie_review/updateNotice.jsp?id=1
 요청 처리 시작 시각 : 2025/04/08 14:25:17
 요청 처리 종료 시각 : 2025/04/08 14:25:17
 요청 처리 소요 시각 : 11ms 
==================================================
 접속한 클라이언트 IP : 0:0:0:0:0:0:0:1
 접근한 URL 경로 : /movie_review/processUpdateNotice.jsp?n_id=1
 요청 처리 시작 시각 : 2025/04/08 14:25:19
 요청 처리 종료 시각 : 2025/04/08 14:25:19
 요청 처리 소요 시각 : 12ms 
==================================================
 접속한 클라이언트 IP : 0:0:0:0:0:0:0:1
 접근한 URL 경로 : /movie_review/editNotice.jsp
 요청 처리 시작 시각 : 2025/04/08 14:25:19
 요청 처리 종료 시각 : 2025/04/08 14:25:19
 요청 처리 소요 시각 : 10ms 
==================================================
 접속한 클라이언트 IP : 0:0:0:0:0:0:0:1
 접근한 URL 경로 : /movie_review/updateNotice.jsp?id=2
 요청 처리 시작 시각 : 2025/04/08 14:25:21
 요청 처리 종료 시각 : 2025/04/08 14:25:21
 요청 처리 소요 시각 : 15ms 
==================================================
 접속한 클라이언트 IP : 0:0:0:0:0:0:0:1
 접근한 URL 경로 : /movie_review/processUpdateNotice.jsp?n_id=2
 요청 처리 시작 시각 : 2025/04/08 14:25:22
 요청 처리 종료 시각 : 2025/04/08 14:25:22
 요청 처리 소요 시각 : 12ms 
==================================================
 접속한 클라이언트 IP : 0:0:0:0:0:0:0:1
 접근한 URL 경로 : /movie_review/editNotice.jsp
 요청 처리 시작 시각 : 2025/04/08 14:25:22
 요청 처리 종료 시각 : 2025/04/08 14:25:22
 요청 처리 소요 시각 : 9ms 
==================================================
 접속한 클라이언트 IP : 0:0:0:0:0:0:0:1
 접근한 URL 경로 : /movie_review/updateNotice.jsp?id=3
 요청 처리 시작 시각 : 2025/04/08 14:25:25
 요청 처리 종료 시각 : 2025/04/08 14:25:25
 요청 처리 소요 시각 : 5ms 
==================================================
 접속한 클라이언트 IP : 0:0:0:0:0:0:0:1
 접근한 URL 경로 : /movie_review/processUpdateNotice.jsp?n_id=3
 요청 처리 시작 시각 : 2025/04/08 14:25:28
 요청 처리 종료 시각 : 2025/04/08 14:25:28
 요청 처리 소요 시각 : 15ms 
==================================================
 접속한 클라이언트 IP : 0:0:0:0:0:0:0:1
 접근한 URL 경로 : /movie_review/editNotice.jsp
 요청 처리 시작 시각 : 2025/04/08 14:25:28
 요청 처리 종료 시각 : 2025/04/08 14:25:28
 요청 처리 소요 시각 : 10ms 
==================================================
 접속한 클라이언트 IP : 0:0:0:0:0:0:0:1
 접근한 URL 경로 : /movie_review/main.jsp
 요청 처리 시작 시각 : 2025/04/08 14:25:31
 요청 처리 종료 시각 : 2025/04/08 14:25:31
 요청 처리 소요 시각 : 13ms 
==================================================
